# JRE version: OpenJDK Runtime Environment Temurin-21.0.7+6 (21.0.7+6) (build 21.0.7+6-LTS)
# Java VM: OpenJDK 64-Bit Server VM Temurin-21.0.7+6 (21.0.7+6-LTS, mixed mode, emulated-client, sharing, tiered, compressed oops, compressed class ptrs, g1 gc, windows-amd64)
GC Precious Log:
 CardTable entry size: 512
 Card Set container configuration: InlinePtr #cards 5 size 8 Array Of Cards #cards 12 size 40 Howl #buckets 4 coarsen threshold 1843 Howl Bitmap #cards 512 size 80 coarsen threshold 460 Card regions per heap region 1 cards per card region 2048
 CPUs: 12 total, 12 available
 Memory: 5996M
 Large Page Support: Disabled
 NUMA Support: Disabled
 Compressed Oops: Enabled (32-bit)
 Heap Region Size: 1M
 Heap Min Capacity: 8M
 Heap Initial Capacity: 94M
 Heap Max Capacity: 1500M
 Pre-touch: Disabled
 Parallel Workers: 10
 Concurrent Workers: 3
 Concurrent Refinement Workers: 10
 Periodic GC: Disabled
Heap:
 garbage-first heap   total 48128K, used 22542K [0x00000000a2400000, 0x0000000100000000)
  region size 1024K, 2 young (2048K), 2 survivors (2048K)
 Metaspace       used 35482K, committed 36096K, reserved 1114112K
  class space    used 4844K, committed 5120K, reserved 1048576K
GC Heap History (15 events):
Event: 2.072 GC heap before
{Heap before GC invocations=0 (full 0):
 garbage-first heap   total 96256K, used 24576K [0x00000000a2400000, 0x0000000100000000)
  region size 1024K, 23 young (23552K), 0 survivors (0K)
 Metaspace       used 7071K, committed 7296K, reserved 1114112K
  class space    used 845K, committed 960K, reserved 1048576K
}
Event: 2.085 GC heap after
{Heap after GC invocations=1 (full 0):
 garbage-first heap   total 96256K, used 8752K [0x00000000a2400000, 0x0000000100000000)
  region size 1024K, 3 young (3072K), 3 survivors (3072K)
 Metaspace       used 7071K, committed 7296K, reserved 1114112K
  class space    used 845K, committed 960K, reserved 1048576K
}
Event: 2.969 GC heap before
{Heap before GC invocations=1 (full 0):
 garbage-first heap   total 96256K, used 36400K [0x00000000a2400000, 0x0000000100000000)
  region size 1024K, 30 young (30720K), 3 survivors (3072K)
 Metaspace       used 13659K, committed 14080K, reserved 1114112K
  class space    used 1848K, committed 2048K, reserved 1048576K
}
Event: 2.977 GC heap after
{Heap after GC invocations=2 (full 0):
 garbage-first heap   total 96256K, used 11691K [0x00000000a2400000, 0x0000000100000000)
  region size 1024K, 3 young (3072K), 3 survivors (3072K)
 Metaspace       used 13659K, committed 14080K, reserved 1114112K
  class space    used 1848K, committed 2048K, reserved 1048576K
}
Event: 3.616 GC heap before
{Heap before GC invocations=2 (full 0):
 garbage-first heap   total 96256K, used 45483K [0x00000000a2400000, 0x0000000100000000)
  region size 1024K, 38 young (38912K), 3 survivors (3072K)
 Metaspace       used 21096K, committed 21504K, reserved 1114112K
  class space    used 2878K, committed 3072K, reserved 1048576K
}
Event: 3.624 GC heap after
{Heap after GC invocations=3 (full 0):
 garbage-first heap   total 96256K, used 13873K [0x00000000a2400000, 0x0000000100000000)
  region size 1024K, 5 young (5120K), 5 survivors (5120K)
 Metaspace       used 21096K, committed 21504K, reserved 1114112K
  class space    used 2878K, committed 3072K, reserved 1048576K
}
Event: 3.994 GC heap before
{Heap before GC invocations=4 (full 0):
 garbage-first heap   total 48128K, used 37425K [0x00000000a2400000, 0x0000000100000000)
  region size 1024K, 28 young (28672K), 5 survivors (5120K)
 Metaspace       used 24437K, committed 24896K, reserved 1114112K
  class space    used 3305K, committed 3520K, reserved 1048576K
}
Event: 4.006 GC heap after
{Heap after GC invocations=5 (full 0):
 garbage-first heap   total 48128K, used 16074K [0x00000000a2400000, 0x0000000100000000)
  region size 1024K, 3 young (3072K), 3 survivors (3072K)
 Metaspace       used 24437K, committed 24896K, reserved 1114112K
  class space    used 3305K, committed 3520K, reserved 1048576K
}
Event: 4.523 GC heap before
{Heap before GC invocations=5 (full 0):
 garbage-first heap   total 48128K, used 34506K [0x00000000a2400000, 0x0000000100000000)
  region size 1024K, 22 young (22528K), 3 survivors (3072K)
 Metaspace       used 26449K, committed 26944K, reserved 1114112K
  class space    used 3592K, committed 3840K, reserved 1048576K
}
Event: 4.534 GC heap after
{Heap after GC invocations=6 (full 0):
 garbage-first heap   total 48128K, used 17833K [0x00000000a2400000, 0x0000000100000000)
  region size 1024K, 2 young (2048K), 2 survivors (2048K)
 Metaspace       used 26449K, committed 26944K, reserved 1114112K
  class space    used 3592K, committed 3840K, reserved 1048576K
}
Event: 6.234 GC heap before
{Heap before GC invocations=6 (full 0):
 garbage-first heap   total 48128K, used 38313K [0x00000000a2400000, 0x0000000100000000)
  region size 1024K, 22 young (22528K), 2 survivors (2048K)
 Metaspace       used 29641K, committed 30208K, reserved 1114112K
  class space    used 4071K, committed 4288K, reserved 1048576K
}
Event: 6.242 GC heap after
{Heap after GC invocations=7 (full 0):
 garbage-first heap   total 48128K, used 19372K [0x00000000a2400000, 0x0000000100000000)
  region size 1024K, 3 young (3072K), 3 survivors (3072K)
 Metaspace       used 29641K, committed 30208K, reserved 1114112K
  class space    used 4071K, committed 4288K, reserved 1048576K
}
Event: 6.899 GC heap before
{Heap before GC invocations=7 (full 0):
 garbage-first heap   total 48128K, used 38828K [0x00000000a2400000, 0x0000000100000000)
  region size 1024K, 23 young (23552K), 3 survivors (3072K)
 Metaspace       used 33018K, committed 33664K, reserved 1114112K
  class space    used 4549K, committed 4864K, reserved 1048576K
}
Event: 6.915 GC heap after
{Heap after GC invocations=8 (full 0):
 garbage-first heap   total 48128K, used 21534K [0x00000000a2400000, 0x0000000100000000)
  region size 1024K, 3 young (3072K), 3 survivors (3072K)
 Metaspace       used 33018K, committed 33664K, reserved 1114112K
  class space    used 4549K, committed 4864K, reserved 1048576K
}
Event: 7.479 GC heap before
{Heap before GC invocations=8 (full 0):
 garbage-first heap   total 48128K, used 36894K [0x00000000a2400000, 0x0000000100000000)
  region size 1024K, 19 young (19456K), 3 survivors (3072K)
 Metaspace       used 35482K, committed 36096K, reserved 1114112K
  class space    used 4844K, committed 5120K, reserved 1048576K
}

